c:\users\кто-то\documents\of\x64\debug\t.pdb
c:\users\кто-то\documents\of\x64\debug\t.idb
c:\users\кто-то\documents\of\t\x64\debug\tree.obj
c:\users\кто-то\documents\of\x64\debug\t.lib
c:\users\кто-то\documents\of\t\x64\debug\vc143.idb
c:\users\кто-то\documents\of\t\x64\debug\vc143.pdb
c:\users\кто-то\documents\of\t\x64\debug\t.tlog\cl.command.1.tlog
c:\users\кто-то\documents\of\t\x64\debug\t.tlog\cl.items.tlog
c:\users\кто-то\documents\of\t\x64\debug\t.tlog\cl.read.1.tlog
c:\users\кто-то\documents\of\t\x64\debug\t.tlog\cl.write.1.tlog
c:\users\кто-то\documents\of\t\x64\debug\t.tlog\lib-link.read.1.tlog
c:\users\кто-то\documents\of\t\x64\debug\t.tlog\lib-link.write.1.tlog
c:\users\кто-то\documents\of\t\x64\debug\t.tlog\lib.command.1.tlog
c:\users\кто-то\documents\of\t\x64\debug\t.tlog\link-cvtres.read.1.tlog
c:\users\кто-то\documents\of\t\x64\debug\t.tlog\link-cvtres.write.1.tlog
c:\users\кто-то\documents\of\t\x64\debug\t.tlog\link-rc.read.1.tlog
c:\users\кто-то\documents\of\t\x64\debug\t.tlog\link-rc.write.1.tlog
c:\users\кто-то\documents\of\t\x64\debug\t.tlog\link.command.1.tlog
c:\users\кто-то\documents\of\t\x64\debug\t.tlog\link.read.1.tlog
c:\users\кто-то\documents\of\t\x64\debug\t.tlog\link.read.2.tlog
c:\users\кто-то\documents\of\t\x64\debug\t.tlog\link.write.1.tlog
